CRITICAL - 2021-12-25 08:50:46 --> Undefined property: App\Controllers\c_import::$m_barang
#0 D:\xampp\htdocs\ppl-excel-database\app\Controllers\c_import.php(41): CodeIgniter\Debug\Exceptions->errorHandler(2, 'Undefined prope...', 'D:\\xampp\\htdocs...', 41)
#1 D:\xampp\htdocs\ppl-excel-database\vendor\codeigniter4\framework\system\CodeIgniter.php(824): App\Controllers\c_import->importExcel()
#2 D:\xampp\htdocs\ppl-excel-database\vendor\codeigniter4\framework\system\CodeIgniter.php(410): CodeIgniter\CodeIgniter->runController(Object(App\Controllers\c_import))
#3 D:\xampp\htdocs\ppl-excel-database\vendor\codeigniter4\framework\system\CodeIgniter.php(318): CodeIgniter\CodeIgniter->handleRequest(NULL, Object(Config\Cache), false)
#4 D:\xampp\htdocs\ppl-excel-database\public\index.php(37): CodeIgniter\CodeIgniter->run()
#5 D:\xampp\htdocs\ppl-excel-database\vendor\codeigniter4\framework\system\Commands\Server\rewrite.php(43): require_once('D:\\xampp\\htdocs...')
#6 {main}
CRITICAL - 2021-12-25 08:51:46 --> Object of class App\Models\m_barang could not be converted to string
#0 D:\xampp\htdocs\ppl-excel-database\vendor\codeigniter4\framework\system\CodeIgniter.php(824): App\Controllers\c_import->importExcel()
#1 D:\xampp\htdocs\ppl-excel-database\vendor\codeigniter4\framework\system\CodeIgniter.php(410): CodeIgniter\CodeIgniter->runController(Object(App\Controllers\c_import))
#2 D:\xampp\htdocs\ppl-excel-database\vendor\codeigniter4\framework\system\CodeIgniter.php(318): CodeIgniter\CodeIgniter->handleRequest(NULL, Object(Config\Cache), false)
#3 D:\xampp\htdocs\ppl-excel-database\public\index.php(37): CodeIgniter\CodeIgniter->run()
#4 D:\xampp\htdocs\ppl-excel-database\vendor\codeigniter4\framework\system\Commands\Server\rewrite.php(43): require_once('D:\\xampp\\htdocs...')
#5 {main}
ERROR - 2021-12-25 08:52:58 --> Error connecting to the database: Access denied for user ''@'localhost' (using password: NO)
CRITICAL - 2021-12-25 08:52:58 --> Unable to connect to the database.
Main connection [MySQLi]: Access denied for user ''@'localhost' (using password: NO)
#0 D:\xampp\htdocs\ppl-excel-database\vendor\codeigniter4\framework\system\Database\BaseConnection.php(577): CodeIgniter\Database\BaseConnection->initialize()
#1 D:\xampp\htdocs\ppl-excel-database\vendor\codeigniter4\framework\system\Database\BaseBuilder.php(1759): CodeIgniter\Database\BaseConnection->query('INSERT INTO `ba...', Array, false)
#2 D:\xampp\htdocs\ppl-excel-database\vendor\codeigniter4\framework\system\Model.php(239): CodeIgniter\Database\BaseBuilder->insert()
#3 D:\xampp\htdocs\ppl-excel-database\vendor\codeigniter4\framework\system\BaseModel.php(738): CodeIgniter\Model->doInsert(Array)
#4 D:\xampp\htdocs\ppl-excel-database\vendor\codeigniter4\framework\system\Model.php(620): CodeIgniter\BaseModel->insert(Array, true)
#5 D:\xampp\htdocs\ppl-excel-database\app\Controllers\c_import.php(41): CodeIgniter\Model->insert(Array)
#6 D:\xampp\htdocs\ppl-excel-database\vendor\codeigniter4\framework\system\CodeIgniter.php(824): App\Controllers\c_import->importExcel()
#7 D:\xampp\htdocs\ppl-excel-database\vendor\codeigniter4\framework\system\CodeIgniter.php(410): CodeIgniter\CodeIgniter->runController(Object(App\Controllers\c_import))
#8 D:\xampp\htdocs\ppl-excel-database\vendor\codeigniter4\framework\system\CodeIgniter.php(318): CodeIgniter\CodeIgniter->handleRequest(NULL, Object(Config\Cache), false)
#9 D:\xampp\htdocs\ppl-excel-database\public\index.php(37): CodeIgniter\CodeIgniter->run()
#10 D:\xampp\htdocs\ppl-excel-database\vendor\codeigniter4\framework\system\Commands\Server\rewrite.php(43): require_once('D:\\xampp\\htdocs...')
#11 {main}
CRITICAL - 2021-12-25 08:54:12 --> Undefined property: App\Controllers\c_import::$m_barang
#0 D:\xampp\htdocs\ppl-excel-database\app\Controllers\c_import.php(44): CodeIgniter\Debug\Exceptions->errorHandler(2, 'Undefined prope...', 'D:\\xampp\\htdocs...', 44)
#1 D:\xampp\htdocs\ppl-excel-database\vendor\codeigniter4\framework\system\CodeIgniter.php(824): App\Controllers\c_import->importExcel()
#2 D:\xampp\htdocs\ppl-excel-database\vendor\codeigniter4\framework\system\CodeIgniter.php(410): CodeIgniter\CodeIgniter->runController(Object(App\Controllers\c_import))
#3 D:\xampp\htdocs\ppl-excel-database\vendor\codeigniter4\framework\system\CodeIgniter.php(318): CodeIgniter\CodeIgniter->handleRequest(NULL, Object(Config\Cache), false)
#4 D:\xampp\htdocs\ppl-excel-database\public\index.php(37): CodeIgniter\CodeIgniter->run()
#5 D:\xampp\htdocs\ppl-excel-database\vendor\codeigniter4\framework\system\Commands\Server\rewrite.php(43): require_once('D:\\xampp\\htdocs...')
#6 {main}
ERROR - 2021-12-25 08:58:12 --> Duplicate entry '4' for key 'PRIMARY'
CRITICAL - 2021-12-25 08:58:12 --> Duplicate entry '4' for key 'PRIMARY'
#0 D:\xampp\htdocs\ppl-excel-database\vendor\codeigniter4\framework\system\Database\MySQLi\Connection.php(292): mysqli->query('INSERT INTO `ba...', 0)
#1 D:\xampp\htdocs\ppl-excel-database\vendor\codeigniter4\framework\system\Database\BaseConnection.php(670): CodeIgniter\Database\MySQLi\Connection->execute('INSERT INTO `ba...')
#2 D:\xampp\htdocs\ppl-excel-database\vendor\codeigniter4\framework\system\Database\BaseConnection.php(598): CodeIgniter\Database\BaseConnection->simpleQuery('INSERT INTO `ba...')
#3 D:\xampp\htdocs\ppl-excel-database\vendor\codeigniter4\framework\system\Database\BaseBuilder.php(1759): CodeIgniter\Database\BaseConnection->query('INSERT INTO `ba...', Array, false)
#4 D:\xampp\htdocs\ppl-excel-database\vendor\codeigniter4\framework\system\Model.php(239): CodeIgniter\Database\BaseBuilder->insert()
#5 D:\xampp\htdocs\ppl-excel-database\vendor\codeigniter4\framework\system\BaseModel.php(738): CodeIgniter\Model->doInsert(Array)
#6 D:\xampp\htdocs\ppl-excel-database\vendor\codeigniter4\framework\system\Model.php(620): CodeIgniter\BaseModel->insert(Array, true)
#7 D:\xampp\htdocs\ppl-excel-database\app\Controllers\c_import.php(37): CodeIgniter\Model->insert(Array)
#8 D:\xampp\htdocs\ppl-excel-database\vendor\codeigniter4\framework\system\CodeIgniter.php(824): App\Controllers\c_import->importExcel()
#9 D:\xampp\htdocs\ppl-excel-database\vendor\codeigniter4\framework\system\CodeIgniter.php(410): CodeIgniter\CodeIgniter->runController(Object(App\Controllers\c_import))
#10 D:\xampp\htdocs\ppl-excel-database\vendor\codeigniter4\framework\system\CodeIgniter.php(318): CodeIgniter\CodeIgniter->handleRequest(NULL, Object(Config\Cache), false)
#11 D:\xampp\htdocs\ppl-excel-database\public\index.php(37): CodeIgniter\CodeIgniter->run()
#12 D:\xampp\htdocs\ppl-excel-database\vendor\codeigniter4\framework\system\Commands\Server\rewrite.php(43): require_once('D:\\xampp\\htdocs...')
#13 {main}
CRITICAL - 2021-12-25 08:59:30 --> Undefined property: App\Controllers\c_import::$m_barang
#0 D:\xampp\htdocs\ppl-excel-database\app\Controllers\c_import.php(43): CodeIgniter\Debug\Exceptions->errorHandler(2, 'Undefined prope...', 'D:\\xampp\\htdocs...', 43)
#1 D:\xampp\htdocs\ppl-excel-database\vendor\codeigniter4\framework\system\CodeIgniter.php(824): App\Controllers\c_import->importExcel()
#2 D:\xampp\htdocs\ppl-excel-database\vendor\codeigniter4\framework\system\CodeIgniter.php(410): CodeIgniter\CodeIgniter->runController(Object(App\Controllers\c_import))
#3 D:\xampp\htdocs\ppl-excel-database\vendor\codeigniter4\framework\system\CodeIgniter.php(318): CodeIgniter\CodeIgniter->handleRequest(NULL, Object(Config\Cache), false)
#4 D:\xampp\htdocs\ppl-excel-database\public\index.php(37): CodeIgniter\CodeIgniter->run()
#5 D:\xampp\htdocs\ppl-excel-database\vendor\codeigniter4\framework\system\Commands\Server\rewrite.php(43): require_once('D:\\xampp\\htdocs...')
#6 {main}
CRITICAL - 2021-12-25 09:00:32 --> Undefined array key "id"
#0 D:\xampp\htdocs\ppl-excel-database\app\Views\v_barang.php(15): CodeIgniter\Debug\Exceptions->errorHandler(2, 'Undefined array...', 'D:\\xampp\\htdocs...', 15)
#1 D:\xampp\htdocs\ppl-excel-database\vendor\codeigniter4\framework\system\View\View.php(214): include('D:\\xampp\\htdocs...')
#2 D:\xampp\htdocs\ppl-excel-database\vendor\codeigniter4\framework\system\View\View.php(217): CodeIgniter\View\View->CodeIgniter\View\{closure}()
#3 D:\xampp\htdocs\ppl-excel-database\vendor\codeigniter4\framework\system\Common.php(1097): CodeIgniter\View\View->render('v_barang', Array, true)
#4 D:\xampp\htdocs\ppl-excel-database\app\Controllers\c_import.php(49): view('v_barang', Array)
#5 D:\xampp\htdocs\ppl-excel-database\vendor\codeigniter4\framework\system\CodeIgniter.php(824): App\Controllers\c_import->importExcel()
#6 D:\xampp\htdocs\ppl-excel-database\vendor\codeigniter4\framework\system\CodeIgniter.php(410): CodeIgniter\CodeIgniter->runController(Object(App\Controllers\c_import))
#7 D:\xampp\htdocs\ppl-excel-database\vendor\codeigniter4\framework\system\CodeIgniter.php(318): CodeIgniter\CodeIgniter->handleRequest(NULL, Object(Config\Cache), false)
#8 D:\xampp\htdocs\ppl-excel-database\public\index.php(37): CodeIgniter\CodeIgniter->run()
#9 D:\xampp\htdocs\ppl-excel-database\vendor\codeigniter4\framework\system\Commands\Server\rewrite.php(43): require_once('D:\\xampp\\htdocs...')
#10 {main}
CRITICAL - 2021-12-25 09:06:07 --> Undefined variable $key
#0 D:\xampp\htdocs\ppl-excel-database\app\Views\v_table.php(11): CodeIgniter\Debug\Exceptions->errorHandler(2, 'Undefined varia...', 'D:\\xampp\\htdocs...', 11)
#1 D:\xampp\htdocs\ppl-excel-database\vendor\codeigniter4\framework\system\View\View.php(214): include('D:\\xampp\\htdocs...')
#2 D:\xampp\htdocs\ppl-excel-database\vendor\codeigniter4\framework\system\View\View.php(217): CodeIgniter\View\View->CodeIgniter\View\{closure}()
#3 D:\xampp\htdocs\ppl-excel-database\vendor\codeigniter4\framework\system\Common.php(1097): CodeIgniter\View\View->render('v_table', Array, true)
#4 D:\xampp\htdocs\ppl-excel-database\app\Views\v_export.php(6): view('v_table')
#5 D:\xampp\htdocs\ppl-excel-database\vendor\codeigniter4\framework\system\View\View.php(214): include('D:\\xampp\\htdocs...')
#6 D:\xampp\htdocs\ppl-excel-database\vendor\codeigniter4\framework\system\View\View.php(217): CodeIgniter\View\View->CodeIgniter\View\{closure}()
#7 D:\xampp\htdocs\ppl-excel-database\vendor\codeigniter4\framework\system\Common.php(1097): CodeIgniter\View\View->render('v_export', Array, true)
#8 D:\xampp\htdocs\ppl-excel-database\app\Controllers\c_export.php(23): view('v_export')
#9 D:\xampp\htdocs\ppl-excel-database\vendor\codeigniter4\framework\system\CodeIgniter.php(824): App\Controllers\c_export->index()
#10 D:\xampp\htdocs\ppl-excel-database\vendor\codeigniter4\framework\system\CodeIgniter.php(410): CodeIgniter\CodeIgniter->runController(Object(App\Controllers\c_export))
#11 D:\xampp\htdocs\ppl-excel-database\vendor\codeigniter4\framework\system\CodeIgniter.php(318): CodeIgniter\CodeIgniter->handleRequest(NULL, Object(Config\Cache), false)
#12 D:\xampp\htdocs\ppl-excel-database\public\index.php(37): CodeIgniter\CodeIgniter->run()
#13 D:\xampp\htdocs\ppl-excel-database\vendor\codeigniter4\framework\system\Commands\Server\rewrite.php(43): require_once('D:\\xampp\\htdocs...')
#14 {main}
CRITICAL - 2021-12-25 09:06:17 --> Undefined variable $data
#0 D:\xampp\htdocs\ppl-excel-database\app\Views\v_table.php(11): CodeIgniter\Debug\Exceptions->errorHandler(2, 'Undefined varia...', 'D:\\xampp\\htdocs...', 11)
#1 D:\xampp\htdocs\ppl-excel-database\vendor\codeigniter4\framework\system\View\View.php(214): include('D:\\xampp\\htdocs...')
#2 D:\xampp\htdocs\ppl-excel-database\vendor\codeigniter4\framework\system\View\View.php(217): CodeIgniter\View\View->CodeIgniter\View\{closure}()
#3 D:\xampp\htdocs\ppl-excel-database\vendor\codeigniter4\framework\system\Common.php(1097): CodeIgniter\View\View->render('v_table', Array, true)
#4 D:\xampp\htdocs\ppl-excel-database\app\Views\v_export.php(6): view('v_table')
#5 D:\xampp\htdocs\ppl-excel-database\vendor\codeigniter4\framework\system\View\View.php(214): include('D:\\xampp\\htdocs...')
#6 D:\xampp\htdocs\ppl-excel-database\vendor\codeigniter4\framework\system\View\View.php(217): CodeIgniter\View\View->CodeIgniter\View\{closure}()
#7 D:\xampp\htdocs\ppl-excel-database\vendor\codeigniter4\framework\system\Common.php(1097): CodeIgniter\View\View->render('v_export', Array, true)
#8 D:\xampp\htdocs\ppl-excel-database\app\Controllers\c_export.php(23): view('v_export')
#9 D:\xampp\htdocs\ppl-excel-database\vendor\codeigniter4\framework\system\CodeIgniter.php(824): App\Controllers\c_export->index()
#10 D:\xampp\htdocs\ppl-excel-database\vendor\codeigniter4\framework\system\CodeIgniter.php(410): CodeIgniter\CodeIgniter->runController(Object(App\Controllers\c_export))
#11 D:\xampp\htdocs\ppl-excel-database\vendor\codeigniter4\framework\system\CodeIgniter.php(318): CodeIgniter\CodeIgniter->handleRequest(NULL, Object(Config\Cache), false)
#12 D:\xampp\htdocs\ppl-excel-database\public\index.php(37): CodeIgniter\CodeIgniter->run()
#13 D:\xampp\htdocs\ppl-excel-database\vendor\codeigniter4\framework\system\Commands\Server\rewrite.php(43): require_once('D:\\xampp\\htdocs...')
#14 {main}
CRITICAL - 2021-12-25 09:07:16 --> Undefined variable $data
#0 D:\xampp\htdocs\ppl-excel-database\app\Views\v_table.php(11): CodeIgniter\Debug\Exceptions->errorHandler(2, 'Undefined varia...', 'D:\\xampp\\htdocs...', 11)
#1 D:\xampp\htdocs\ppl-excel-database\vendor\codeigniter4\framework\system\View\View.php(214): include('D:\\xampp\\htdocs...')
#2 D:\xampp\htdocs\ppl-excel-database\vendor\codeigniter4\framework\system\View\View.php(217): CodeIgniter\View\View->CodeIgniter\View\{closure}()
#3 D:\xampp\htdocs\ppl-excel-database\vendor\codeigniter4\framework\system\Common.php(1097): CodeIgniter\View\View->render('v_table', Array, true)
#4 D:\xampp\htdocs\ppl-excel-database\app\Views\v_export.php(6): view('v_table')
#5 D:\xampp\htdocs\ppl-excel-database\vendor\codeigniter4\framework\system\View\View.php(214): include('D:\\xampp\\htdocs...')
#6 D:\xampp\htdocs\ppl-excel-database\vendor\codeigniter4\framework\system\View\View.php(217): CodeIgniter\View\View->CodeIgniter\View\{closure}()
#7 D:\xampp\htdocs\ppl-excel-database\vendor\codeigniter4\framework\system\Common.php(1097): CodeIgniter\View\View->render('v_export', Array, true)
#8 D:\xampp\htdocs\ppl-excel-database\app\Controllers\c_export.php(23): view('v_export')
#9 D:\xampp\htdocs\ppl-excel-database\vendor\codeigniter4\framework\system\CodeIgniter.php(824): App\Controllers\c_export->index()
#10 D:\xampp\htdocs\ppl-excel-database\vendor\codeigniter4\framework\system\CodeIgniter.php(410): CodeIgniter\CodeIgniter->runController(Object(App\Controllers\c_export))
#11 D:\xampp\htdocs\ppl-excel-database\vendor\codeigniter4\framework\system\CodeIgniter.php(318): CodeIgniter\CodeIgniter->handleRequest(NULL, Object(Config\Cache), false)
#12 D:\xampp\htdocs\ppl-excel-database\public\index.php(37): CodeIgniter\CodeIgniter->run()
#13 D:\xampp\htdocs\ppl-excel-database\vendor\codeigniter4\framework\system\Commands\Server\rewrite.php(43): require_once('D:\\xampp\\htdocs...')
#14 {main}
CRITICAL - 2021-12-25 09:07:17 --> Undefined variable $data
#0 D:\xampp\htdocs\ppl-excel-database\app\Views\v_table.php(11): CodeIgniter\Debug\Exceptions->errorHandler(2, 'Undefined varia...', 'D:\\xampp\\htdocs...', 11)
#1 D:\xampp\htdocs\ppl-excel-database\vendor\codeigniter4\framework\system\View\View.php(214): include('D:\\xampp\\htdocs...')
#2 D:\xampp\htdocs\ppl-excel-database\vendor\codeigniter4\framework\system\View\View.php(217): CodeIgniter\View\View->CodeIgniter\View\{closure}()
#3 D:\xampp\htdocs\ppl-excel-database\vendor\codeigniter4\framework\system\Common.php(1097): CodeIgniter\View\View->render('v_table', Array, true)
#4 D:\xampp\htdocs\ppl-excel-database\app\Views\v_export.php(6): view('v_table')
#5 D:\xampp\htdocs\ppl-excel-database\vendor\codeigniter4\framework\system\View\View.php(214): include('D:\\xampp\\htdocs...')
#6 D:\xampp\htdocs\ppl-excel-database\vendor\codeigniter4\framework\system\View\View.php(217): CodeIgniter\View\View->CodeIgniter\View\{closure}()
#7 D:\xampp\htdocs\ppl-excel-database\vendor\codeigniter4\framework\system\Common.php(1097): CodeIgniter\View\View->render('v_export', Array, true)
#8 D:\xampp\htdocs\ppl-excel-database\app\Controllers\c_export.php(23): view('v_export')
#9 D:\xampp\htdocs\ppl-excel-database\vendor\codeigniter4\framework\system\CodeIgniter.php(824): App\Controllers\c_export->index()
#10 D:\xampp\htdocs\ppl-excel-database\vendor\codeigniter4\framework\system\CodeIgniter.php(410): CodeIgniter\CodeIgniter->runController(Object(App\Controllers\c_export))
#11 D:\xampp\htdocs\ppl-excel-database\vendor\codeigniter4\framework\system\CodeIgniter.php(318): CodeIgniter\CodeIgniter->handleRequest(NULL, Object(Config\Cache), false)
#12 D:\xampp\htdocs\ppl-excel-database\public\index.php(37): CodeIgniter\CodeIgniter->run()
#13 D:\xampp\htdocs\ppl-excel-database\vendor\codeigniter4\framework\system\Commands\Server\rewrite.php(43): require_once('D:\\xampp\\htdocs...')
#14 {main}
CRITICAL - 2021-12-25 09:07:22 --> Undefined variable $data
#0 D:\xampp\htdocs\ppl-excel-database\app\Views\v_table.php(11): CodeIgniter\Debug\Exceptions->errorHandler(2, 'Undefined varia...', 'D:\\xampp\\htdocs...', 11)
#1 D:\xampp\htdocs\ppl-excel-database\vendor\codeigniter4\framework\system\View\View.php(214): include('D:\\xampp\\htdocs...')
#2 D:\xampp\htdocs\ppl-excel-database\vendor\codeigniter4\framework\system\View\View.php(217): CodeIgniter\View\View->CodeIgniter\View\{closure}()
#3 D:\xampp\htdocs\ppl-excel-database\vendor\codeigniter4\framework\system\Common.php(1097): CodeIgniter\View\View->render('v_table', Array, true)
#4 D:\xampp\htdocs\ppl-excel-database\app\Views\v_export.php(6): view('v_table')
#5 D:\xampp\htdocs\ppl-excel-database\vendor\codeigniter4\framework\system\View\View.php(214): include('D:\\xampp\\htdocs...')
#6 D:\xampp\htdocs\ppl-excel-database\vendor\codeigniter4\framework\system\View\View.php(217): CodeIgniter\View\View->CodeIgniter\View\{closure}()
#7 D:\xampp\htdocs\ppl-excel-database\vendor\codeigniter4\framework\system\Common.php(1097): CodeIgniter\View\View->render('v_export', Array, true)
#8 D:\xampp\htdocs\ppl-excel-database\app\Controllers\c_export.php(23): view('v_export')
#9 D:\xampp\htdocs\ppl-excel-database\vendor\codeigniter4\framework\system\CodeIgniter.php(824): App\Controllers\c_export->index()
#10 D:\xampp\htdocs\ppl-excel-database\vendor\codeigniter4\framework\system\CodeIgniter.php(410): CodeIgniter\CodeIgniter->runController(Object(App\Controllers\c_export))
#11 D:\xampp\htdocs\ppl-excel-database\vendor\codeigniter4\framework\system\CodeIgniter.php(318): CodeIgniter\CodeIgniter->handleRequest(NULL, Object(Config\Cache), false)
#12 D:\xampp\htdocs\ppl-excel-database\public\index.php(37): CodeIgniter\CodeIgniter->run()
#13 D:\xampp\htdocs\ppl-excel-database\vendor\codeigniter4\framework\system\Commands\Server\rewrite.php(43): require_once('D:\\xampp\\htdocs...')
#14 {main}
