CRITICAL - 2021-12-20 18:45:24 --> Undefined variable $data
#0 D:\xampp\htdocs\ppl-excel\app\Controllers\c_import.php(43): CodeIgniter\Debug\Exceptions->errorHandler(2, 'Undefined varia...', 'D:\\xampp\\htdocs...', 43)
#1 D:\xampp\htdocs\ppl-excel\vendor\codeigniter4\framework\system\CodeIgniter.php(824): App\Controllers\c_import->importExcel()
#2 D:\xampp\htdocs\ppl-excel\vendor\codeigniter4\framework\system\CodeIgniter.php(410): CodeIgniter\CodeIgniter->runController(Object(App\Controllers\c_import))
#3 D:\xampp\htdocs\ppl-excel\vendor\codeigniter4\framework\system\CodeIgniter.php(318): CodeIgniter\CodeIgniter->handleRequest(NULL, Object(Config\Cache), false)
#4 D:\xampp\htdocs\ppl-excel\public\index.php(37): CodeIgniter\CodeIgniter->run()
#5 D:\xampp\htdocs\ppl-excel\vendor\codeigniter4\framework\system\Commands\Server\rewrite.php(43): require_once('D:\\xampp\\htdocs...')
#6 {main}
CRITICAL - 2021-12-20 18:45:51 --> Undefined variable $data
#0 D:\xampp\htdocs\ppl-excel\app\Controllers\c_import.php(43): CodeIgniter\Debug\Exceptions->errorHandler(2, 'Undefined varia...', 'D:\\xampp\\htdocs...', 43)
#1 D:\xampp\htdocs\ppl-excel\vendor\codeigniter4\framework\system\CodeIgniter.php(824): App\Controllers\c_import->importExcel()
#2 D:\xampp\htdocs\ppl-excel\vendor\codeigniter4\framework\system\CodeIgniter.php(410): CodeIgniter\CodeIgniter->runController(Object(App\Controllers\c_import))
#3 D:\xampp\htdocs\ppl-excel\vendor\codeigniter4\framework\system\CodeIgniter.php(318): CodeIgniter\CodeIgniter->handleRequest(NULL, Object(Config\Cache), false)
#4 D:\xampp\htdocs\ppl-excel\public\index.php(37): CodeIgniter\CodeIgniter->run()
#5 D:\xampp\htdocs\ppl-excel\vendor\codeigniter4\framework\system\Commands\Server\rewrite.php(43): require_once('D:\\xampp\\htdocs...')
#6 {main}
CRITICAL - 2021-12-20 18:46:30 --> Undefined variable $data
#0 D:\xampp\htdocs\ppl-excel\app\Controllers\c_import.php(43): CodeIgniter\Debug\Exceptions->errorHandler(2, 'Undefined varia...', 'D:\\xampp\\htdocs...', 43)
#1 D:\xampp\htdocs\ppl-excel\vendor\codeigniter4\framework\system\CodeIgniter.php(824): App\Controllers\c_import->importExcel()
#2 D:\xampp\htdocs\ppl-excel\vendor\codeigniter4\framework\system\CodeIgniter.php(410): CodeIgniter\CodeIgniter->runController(Object(App\Controllers\c_import))
#3 D:\xampp\htdocs\ppl-excel\vendor\codeigniter4\framework\system\CodeIgniter.php(318): CodeIgniter\CodeIgniter->handleRequest(NULL, Object(Config\Cache), false)
#4 D:\xampp\htdocs\ppl-excel\public\index.php(37): CodeIgniter\CodeIgniter->run()
#5 D:\xampp\htdocs\ppl-excel\vendor\codeigniter4\framework\system\Commands\Server\rewrite.php(43): require_once('D:\\xampp\\htdocs...')
#6 {main}
CRITICAL - 2021-12-20 18:47:21 --> Class "PHPExcel" not found
#0 D:\xampp\htdocs\ppl-excel\vendor\codeigniter4\framework\system\CodeIgniter.php(824): App\Controllers\c_import->importExcel()
#1 D:\xampp\htdocs\ppl-excel\vendor\codeigniter4\framework\system\CodeIgniter.php(410): CodeIgniter\CodeIgniter->runController(Object(App\Controllers\c_import))
#2 D:\xampp\htdocs\ppl-excel\vendor\codeigniter4\framework\system\CodeIgniter.php(318): CodeIgniter\CodeIgniter->handleRequest(NULL, Object(Config\Cache), false)
#3 D:\xampp\htdocs\ppl-excel\public\index.php(37): CodeIgniter\CodeIgniter->run()
#4 D:\xampp\htdocs\ppl-excel\vendor\codeigniter4\framework\system\Commands\Server\rewrite.php(43): require_once('D:\\xampp\\htdocs...')
#5 {main}
CRITICAL - 2021-12-20 18:48:03 --> Class "PHPExcel" not found
#0 D:\xampp\htdocs\ppl-excel\vendor\codeigniter4\framework\system\CodeIgniter.php(824): App\Controllers\c_import->importExcel()
#1 D:\xampp\htdocs\ppl-excel\vendor\codeigniter4\framework\system\CodeIgniter.php(410): CodeIgniter\CodeIgniter->runController(Object(App\Controllers\c_import))
#2 D:\xampp\htdocs\ppl-excel\vendor\codeigniter4\framework\system\CodeIgniter.php(318): CodeIgniter\CodeIgniter->handleRequest(NULL, Object(Config\Cache), false)
#3 D:\xampp\htdocs\ppl-excel\public\index.php(37): CodeIgniter\CodeIgniter->run()
#4 D:\xampp\htdocs\ppl-excel\vendor\codeigniter4\framework\system\Commands\Server\rewrite.php(43): require_once('D:\\xampp\\htdocs...')
#5 {main}
CRITICAL - 2021-12-20 18:48:13 --> Class "PHPExcel" not found
#0 D:\xampp\htdocs\ppl-excel\vendor\codeigniter4\framework\system\CodeIgniter.php(824): App\Controllers\c_import->importExcel()
#1 D:\xampp\htdocs\ppl-excel\vendor\codeigniter4\framework\system\CodeIgniter.php(410): CodeIgniter\CodeIgniter->runController(Object(App\Controllers\c_import))
#2 D:\xampp\htdocs\ppl-excel\vendor\codeigniter4\framework\system\CodeIgniter.php(318): CodeIgniter\CodeIgniter->handleRequest(NULL, Object(Config\Cache), false)
#3 D:\xampp\htdocs\ppl-excel\public\index.php(37): CodeIgniter\CodeIgniter->run()
#4 D:\xampp\htdocs\ppl-excel\vendor\codeigniter4\framework\system\Commands\Server\rewrite.php(43): require_once('D:\\xampp\\htdocs...')
#5 {main}
CRITICAL - 2021-12-20 18:49:41 --> Array and string offset access syntax with curly braces is no longer supported
#0 [internal function]: CodeIgniter\Debug\Exceptions->shutdownHandler()
#1 {main}
CRITICAL - 2021-12-20 18:52:37 --> Array and string offset access syntax with curly braces is no longer supported
#0 [internal function]: CodeIgniter\Debug\Exceptions->shutdownHandler()
#1 {main}
CRITICAL - 2021-12-20 18:52:40 --> Array and string offset access syntax with curly braces is no longer supported
#0 [internal function]: CodeIgniter\Debug\Exceptions->shutdownHandler()
#1 {main}
CRITICAL - 2021-12-20 18:54:33 --> Array and string offset access syntax with curly braces is no longer supported
#0 [internal function]: CodeIgniter\Debug\Exceptions->shutdownHandler()
#1 {main}
CRITICAL - 2021-12-20 18:55:17 --> Array and string offset access syntax with curly braces is no longer supported
#0 [internal function]: CodeIgniter\Debug\Exceptions->shutdownHandler()
#1 {main}
CRITICAL - 2021-12-20 18:57:18 --> Array and string offset access syntax with curly braces is no longer supported
#0 [internal function]: CodeIgniter\Debug\Exceptions->shutdownHandler()
#1 {main}
CRITICAL - 2021-12-20 18:57:57 --> Array and string offset access syntax with curly braces is no longer supported
#0 [internal function]: CodeIgniter\Debug\Exceptions->shutdownHandler()
#1 {main}
CRITICAL - 2021-12-20 19:00:12 --> Array and string offset access syntax with curly braces is no longer supported
#0 [internal function]: CodeIgniter\Debug\Exceptions->shutdownHandler()
#1 {main}
CRITICAL - 2021-12-20 19:00:42 --> Array and string offset access syntax with curly braces is no longer supported
#0 [internal function]: CodeIgniter\Debug\Exceptions->shutdownHandler()
#1 {main}
CRITICAL - 2021-12-20 19:01:30 --> Array and string offset access syntax with curly braces is no longer supported
#0 [internal function]: CodeIgniter\Debug\Exceptions->shutdownHandler()
#1 {main}
CRITICAL - 2021-12-20 19:02:46 --> Array and string offset access syntax with curly braces is no longer supported
#0 [internal function]: CodeIgniter\Debug\Exceptions->shutdownHandler()
#1 {main}
CRITICAL - 2021-12-20 19:03:54 --> Required parameter $pValue follows optional parameter $pCoordinate
#0 D:\xampp\htdocs\ppl-excel\app\ThirdParty\PHPExcel\PHPExcel\Autoloader.php(79): CodeIgniter\Debug\Exceptions->errorHandler(8192, 'Required parame...', 'D:\\xampp\\htdocs...', 1477)
#1 D:\xampp\htdocs\ppl-excel\app\ThirdParty\PHPExcel\PHPExcel\Autoloader.php(79): require()
#2 D:\xampp\htdocs\ppl-excel\app\ThirdParty\PHPExcel\PHPExcel.php(371): PHPExcel_Autoloader::load('PHPExcel_Worksh...')
#3 D:\xampp\htdocs\ppl-excel\app\Controllers\c_import.php(17): PHPExcel->__construct()
#4 D:\xampp\htdocs\ppl-excel\vendor\codeigniter4\framework\system\CodeIgniter.php(824): App\Controllers\c_import->importExcel()
#5 D:\xampp\htdocs\ppl-excel\vendor\codeigniter4\framework\system\CodeIgniter.php(410): CodeIgniter\CodeIgniter->runController(Object(App\Controllers\c_import))
#6 D:\xampp\htdocs\ppl-excel\vendor\codeigniter4\framework\system\CodeIgniter.php(318): CodeIgniter\CodeIgniter->handleRequest(NULL, Object(Config\Cache), false)
#7 D:\xampp\htdocs\ppl-excel\public\index.php(37): CodeIgniter\CodeIgniter->run()
#8 D:\xampp\htdocs\ppl-excel\vendor\codeigniter4\framework\system\Commands\Server\rewrite.php(43): require_once('D:\\xampp\\htdocs...')
#9 {main}
CRITICAL - 2021-12-20 19:05:57 --> Required parameter $pValue follows optional parameter $pCoordinate
#0 D:\xampp\htdocs\ppl-excel\app\ThirdParty\PHPExcel\PHPExcel\Autoloader.php(79): CodeIgniter\Debug\Exceptions->errorHandler(8192, 'Required parame...', 'D:\\xampp\\htdocs...', 1477)
#1 D:\xampp\htdocs\ppl-excel\app\ThirdParty\PHPExcel\PHPExcel\Autoloader.php(79): require()
#2 D:\xampp\htdocs\ppl-excel\app\ThirdParty\PHPExcel\PHPExcel.php(371): PHPExcel_Autoloader::load('PHPExcel_Worksh...')
#3 D:\xampp\htdocs\ppl-excel\app\Controllers\c_import.php(17): PHPExcel->__construct()
#4 D:\xampp\htdocs\ppl-excel\vendor\codeigniter4\framework\system\CodeIgniter.php(824): App\Controllers\c_import->importExcel()
#5 D:\xampp\htdocs\ppl-excel\vendor\codeigniter4\framework\system\CodeIgniter.php(410): CodeIgniter\CodeIgniter->runController(Object(App\Controllers\c_import))
#6 D:\xampp\htdocs\ppl-excel\vendor\codeigniter4\framework\system\CodeIgniter.php(318): CodeIgniter\CodeIgniter->handleRequest(NULL, Object(Config\Cache), false)
#7 D:\xampp\htdocs\ppl-excel\public\index.php(37): CodeIgniter\CodeIgniter->run()
#8 D:\xampp\htdocs\ppl-excel\vendor\codeigniter4\framework\system\Commands\Server\rewrite.php(43): require_once('D:\\xampp\\htdocs...')
#9 {main}
CRITICAL - 2021-12-20 19:07:29 --> Array and string offset access syntax with curly braces is no longer supported
#0 [internal function]: CodeIgniter\Debug\Exceptions->shutdownHandler()
#1 {main}
CRITICAL - 2021-12-20 19:07:35 --> Array and string offset access syntax with curly braces is no longer supported
#0 [internal function]: CodeIgniter\Debug\Exceptions->shutdownHandler()
#1 {main}
CRITICAL - 2021-12-20 19:08:22 --> Array and string offset access syntax with curly braces is no longer supported
#0 [internal function]: CodeIgniter\Debug\Exceptions->shutdownHandler()
#1 {main}
CRITICAL - 2021-12-20 19:10:53 --> Array and string offset access syntax with curly braces is no longer supported
#0 [internal function]: CodeIgniter\Debug\Exceptions->shutdownHandler()
#1 {main}
CRITICAL - 2021-12-20 19:10:56 --> Array and string offset access syntax with curly braces is no longer supported
#0 [internal function]: CodeIgniter\Debug\Exceptions->shutdownHandler()
#1 {main}
CRITICAL - 2021-12-20 19:16:39 --> Class "PHPExcel" not found
#0 D:\xampp\htdocs\ppl-excel\vendor\codeigniter4\framework\system\CodeIgniter.php(824): App\Controllers\c_import->importExcel()
#1 D:\xampp\htdocs\ppl-excel\vendor\codeigniter4\framework\system\CodeIgniter.php(410): CodeIgniter\CodeIgniter->runController(Object(App\Controllers\c_import))
#2 D:\xampp\htdocs\ppl-excel\vendor\codeigniter4\framework\system\CodeIgniter.php(318): CodeIgniter\CodeIgniter->handleRequest(NULL, Object(Config\Cache), false)
#3 D:\xampp\htdocs\ppl-excel\public\index.php(37): CodeIgniter\CodeIgniter->run()
#4 D:\xampp\htdocs\ppl-excel\vendor\codeigniter4\framework\system\Commands\Server\rewrite.php(43): require_once('D:\\xampp\\htdocs...')
#5 {main}
CRITICAL - 2021-12-20 19:17:40 --> Class "PHPExcel" not found
#0 D:\xampp\htdocs\ppl-excel\vendor\codeigniter4\framework\system\CodeIgniter.php(824): App\Controllers\c_import->importExcel()
#1 D:\xampp\htdocs\ppl-excel\vendor\codeigniter4\framework\system\CodeIgniter.php(410): CodeIgniter\CodeIgniter->runController(Object(App\Controllers\c_import))
#2 D:\xampp\htdocs\ppl-excel\vendor\codeigniter4\framework\system\CodeIgniter.php(318): CodeIgniter\CodeIgniter->handleRequest(NULL, Object(Config\Cache), false)
#3 D:\xampp\htdocs\ppl-excel\public\index.php(37): CodeIgniter\CodeIgniter->run()
#4 D:\xampp\htdocs\ppl-excel\vendor\codeigniter4\framework\system\Commands\Server\rewrite.php(43): require_once('D:\\xampp\\htdocs...')
#5 {main}
CRITICAL - 2021-12-20 19:57:37 --> Undefined array key "id"
#0 D:\xampp\htdocs\ppl-excel\app\Controllers\c_import.php(32): CodeIgniter\Debug\Exceptions->errorHandler(2, 'Undefined array...', 'D:\\xampp\\htdocs...', 32)
#1 D:\xampp\htdocs\ppl-excel\vendor\codeigniter4\framework\system\CodeIgniter.php(824): App\Controllers\c_import->importExcel()
#2 D:\xampp\htdocs\ppl-excel\vendor\codeigniter4\framework\system\CodeIgniter.php(410): CodeIgniter\CodeIgniter->runController(Object(App\Controllers\c_import))
#3 D:\xampp\htdocs\ppl-excel\vendor\codeigniter4\framework\system\CodeIgniter.php(318): CodeIgniter\CodeIgniter->handleRequest(NULL, Object(Config\Cache), false)
#4 D:\xampp\htdocs\ppl-excel\public\index.php(37): CodeIgniter\CodeIgniter->run()
#5 D:\xampp\htdocs\ppl-excel\vendor\codeigniter4\framework\system\Commands\Server\rewrite.php(43): require_once('D:\\xampp\\htdocs...')
#6 {main}
CRITICAL - 2021-12-20 19:58:56 --> Undefined array key 4
#0 D:\xampp\htdocs\ppl-excel\app\Controllers\c_import.php(35): CodeIgniter\Debug\Exceptions->errorHandler(2, 'Undefined array...', 'D:\\xampp\\htdocs...', 35)
#1 D:\xampp\htdocs\ppl-excel\vendor\codeigniter4\framework\system\CodeIgniter.php(824): App\Controllers\c_import->importExcel()
#2 D:\xampp\htdocs\ppl-excel\vendor\codeigniter4\framework\system\CodeIgniter.php(410): CodeIgniter\CodeIgniter->runController(Object(App\Controllers\c_import))
#3 D:\xampp\htdocs\ppl-excel\vendor\codeigniter4\framework\system\CodeIgniter.php(318): CodeIgniter\CodeIgniter->handleRequest(NULL, Object(Config\Cache), false)
#4 D:\xampp\htdocs\ppl-excel\public\index.php(37): CodeIgniter\CodeIgniter->run()
#5 D:\xampp\htdocs\ppl-excel\vendor\codeigniter4\framework\system\Commands\Server\rewrite.php(43): require_once('D:\\xampp\\htdocs...')
#6 {main}
CRITICAL - 2021-12-20 20:52:17 --> Illegal offset type
#0 D:\xampp\htdocs\ppl-excel\app\Controllers\c_import.php(43): CodeIgniter\Session\Session->set(Array)
#1 D:\xampp\htdocs\ppl-excel\vendor\codeigniter4\framework\system\CodeIgniter.php(824): App\Controllers\c_import->importExcel()
#2 D:\xampp\htdocs\ppl-excel\vendor\codeigniter4\framework\system\CodeIgniter.php(410): CodeIgniter\CodeIgniter->runController(Object(App\Controllers\c_import))
#3 D:\xampp\htdocs\ppl-excel\vendor\codeigniter4\framework\system\CodeIgniter.php(318): CodeIgniter\CodeIgniter->handleRequest(NULL, Object(Config\Cache), false)
#4 D:\xampp\htdocs\ppl-excel\public\index.php(37): CodeIgniter\CodeIgniter->run()
#5 D:\xampp\htdocs\ppl-excel\vendor\codeigniter4\framework\system\Commands\Server\rewrite.php(43): require_once('D:\\xampp\\htdocs...')
#6 {main}
CRITICAL - 2021-12-20 20:52:42 --> Illegal offset type
#0 D:\xampp\htdocs\ppl-excel\app\Controllers\c_import.php(43): CodeIgniter\Session\Session->set(Array)
#1 D:\xampp\htdocs\ppl-excel\vendor\codeigniter4\framework\system\CodeIgniter.php(824): App\Controllers\c_import->importExcel()
#2 D:\xampp\htdocs\ppl-excel\vendor\codeigniter4\framework\system\CodeIgniter.php(410): CodeIgniter\CodeIgniter->runController(Object(App\Controllers\c_import))
#3 D:\xampp\htdocs\ppl-excel\vendor\codeigniter4\framework\system\CodeIgniter.php(318): CodeIgniter\CodeIgniter->handleRequest(NULL, Object(Config\Cache), false)
#4 D:\xampp\htdocs\ppl-excel\public\index.php(37): CodeIgniter\CodeIgniter->run()
#5 D:\xampp\htdocs\ppl-excel\vendor\codeigniter4\framework\system\Commands\Server\rewrite.php(43): require_once('D:\\xampp\\htdocs...')
#6 {main}
